Build started 1/26/2017 7:42:32 PM.
     1>Project "C:\Users\socce_000\Documents\Visual Studio 2015\Projects\FinalProject\FinalProject\FinalProject.vcxproj" on node 2 (Build target(s)).
     1>ClCompile:
         C:\Program Files (x86)\Microsoft Visual Studio 14.0\VC\bin\CL.exe /c /I"C:\Users\socce_000\Desktop\Glew and Glut\freeglut\include" /I"C:\Users\socce_000\Desktop\Glew and Glut\glew-1.11.0\include" /ZI /nologo /W3 /WX- /sdl /Od /Oy- /D _MBCS /Gm /EHsc /RTC1 /MDd /GS /fp:precise /Zc:wchar_t /Zc:forScope /Zc:inline /Fo"Debug\\" /Fd"Debug\vc140.pdb" /Gd /TP /analyze- /errorReport:prompt main.cpp
         main.cpp
     1>c:\users\socce_000\documents\visual studio 2015\projects\finalproject\finalproject\main.cpp(32): warning C4554: '^': check operator precedence for possible error; use parentheses to clarify precedence
     1>c:\users\socce_000\documents\visual studio 2015\projects\finalproject\finalproject\main.cpp(41): warning C4554: '^': check operator precedence for possible error; use parentheses to clarify precedence
     1>c:\users\socce_000\documents\visual studio 2015\projects\finalproject\finalproject\main.cpp(62): warning C4305: 'argument': truncation from 'double' to 'float'
     1>c:\users\socce_000\documents\visual studio 2015\projects\finalproject\finalproject\main.cpp(64): warning C4305: 'argument': truncation from 'double' to 'float'
     1>c:\users\socce_000\documents\visual studio 2015\projects\finalproject\finalproject\main.cpp(66): warning C4305: 'argument': truncation from 'double' to 'float'
     1>c:\users\socce_000\documents\visual studio 2015\projects\finalproject\finalproject\main.cpp(68): warning C4305: 'argument': truncation from 'double' to 'float'
     1>c:\users\socce_000\documents\visual studio 2015\projects\finalproject\finalproject\main.cpp(120): warning C4244: 'initializing': conversion from 'double' to 'float', possible loss of data
     1>c:\users\socce_000\documents\visual studio 2015\projects\finalproject\finalproject\main.cpp(161): warning C4305: 'argument': truncation from 'double' to 'float'
     1>c:\users\socce_000\documents\visual studio 2015\projects\finalproject\finalproject\main.cpp(163): warning C4305: 'argument': truncation from 'double' to 'float'
     1>c:\users\socce_000\documents\visual studio 2015\projects\finalproject\finalproject\main.cpp(165): warning C4305: 'argument': truncation from 'double' to 'float'
     1>c:\users\socce_000\documents\visual studio 2015\projects\finalproject\finalproject\main.cpp(167): warning C4305: 'argument': truncation from 'double' to 'float'
     1>c:\users\socce_000\documents\visual studio 2015\projects\finalproject\finalproject\main.cpp(351): warning C4305: 'argument': truncation from 'double' to 'float'
     1>c:\users\socce_000\documents\visual studio 2015\projects\finalproject\finalproject\main.cpp(365): warning C4244: 'argument': conversion from 'double' to 'int', possible loss of data
     1>c:\users\socce_000\documents\visual studio 2015\projects\finalproject\finalproject\main.cpp(366): warning C4244: 'argument': conversion from 'float' to 'int', possible loss of data
     1>c:\users\socce_000\documents\visual studio 2015\projects\finalproject\finalproject\main.cpp(391): warning C4305: 'argument': truncation from 'double' to 'float'
     1>c:\users\socce_000\documents\visual studio 2015\projects\finalproject\finalproject\main.cpp(484): warning C4305: '+=': truncation from 'double' to 'float'
     1>c:\users\socce_000\documents\visual studio 2015\projects\finalproject\finalproject\main.cpp(598): warning C4244: 'argument': conversion from 'double' to 'int', possible loss of data
     1>c:\users\socce_000\documents\visual studio 2015\projects\finalproject\finalproject\main.cpp(599): warning C4244: 'argument': conversion from 'float' to 'int', possible loss of data
     1>c:\users\socce_000\documents\visual studio 2015\projects\finalproject\finalproject\main.cpp(638): warning C4244: 'argument': conversion from 'float' to 'int', possible loss of data
       Link:
         C:\Program Files (x86)\Microsoft Visual Studio 14.0\VC\bin\link.exe /ERRORREPORT:PROMPT /OUT:"C:\Users\socce_000\Documents\Visual Studio 2015\Projects\FinalProject\Debug\FinalProject.exe" /INCREMENTAL /NOLOGO /LIBPATH:"C:\Users\socce_000\Desktop\Glew and Glut\freeglut\lib" /LIBPATH:"C:\Users\socce_000\Desktop\Glew and Glut\glew-1.11.0\lib" freeglut.lib glew32.lib kernel32.lib user32.lib gdi32.lib winspool.lib comdlg32.lib advapi32.lib shell32.lib ole32.lib oleaut32.lib uuid.lib odbc32.lib odbccp32.lib /MANIFEST /MANIFESTUAC:"level='asInvoker' uiAccess='false'" /manifest:embed /Debug /PDB:"C:\Users\socce_000\Documents\Visual Studio 2015\Projects\FinalProject\Debug\FinalProject.pdb" /TLBID:1 /DYNAMICBASE /NXCOMPAT /IMPLIB:"C:\Users\socce_000\Documents\Visual Studio 2015\Projects\FinalProject\Debug\FinalProject.lib" /MACHINE:X86 Debug\BMPLoader.obj
         Debug\Camera.obj
         Debug\main.obj
         Debug\MyColor.obj
         Debug\NewCamera.obj
         Debug\PerlinNoise.obj
         Debug\Terrain.obj
         Debug\Vector3.obj
         FinalProject.vcxproj -> C:\Users\socce_000\Documents\Visual Studio 2015\Projects\FinalProject\Debug\FinalProject.exe
     1>Done Building Project "C:\Users\socce_000\Documents\Visual Studio 2015\Projects\FinalProject\FinalProject\FinalProject.vcxproj" (Build target(s)).

Build succeeded.

Time Elapsed 00:00:01.02
